{
  "nbformat": 4,
  "nbformat_minor": 0,
  "metadata": {
    "colab": {
      "provenance": [],
      "toc_visible": true,
      "gpuType": "T4",
      "authorship_tag": "ABX9TyMJ27QNtd1YNS3hdn643ft0",
      "include_colab_link": true
    },
    "kernelspec": {
      "name": "python3",
      "display_name": "Python 3"
    },
    "language_info": {
      "name": "python"
    },
    "accelerator": "GPU"
  },
  "cells": [
    {
      "cell_type": "markdown",
      "metadata": {
        "id": "view-in-github",
        "colab_type": "text"
      },
      "source": [
        "<a href=\"https://colab.research.google.com/github/gowtham281/recon/blob/practice/ollamaipynb\" target=\"_parent\"><img src=\"https://colab.research.google.com/assets/colab-badge.svg\" alt=\"Open In Colab\"/></a>"
      ]
    },
    {
      "cell_type": "code",
      "execution_count": 2,
      "metadata": {
        "colab": {
          "base_uri": "https://localhost:8080/"
        },
        "id": "61YFtU5ENyou",
        "outputId": "7c7be20c-d77e-4b91-92a8-30ca22ed4d0c"
      },
      "outputs": [
        {
          "output_type": "stream",
          "name": "stdout",
          "text": [
            "  % Total    % Received % Xferd  Average Speed   Time    Time     Time  Current\n",
            "                                 Dload  Upload   Total   Spent    Left  Speed\n",
            "  0     0    0     0    0     0      0      0 --:--:-- --:--:-- --:--:--     0>>> Downloading ollama...\n",
            "100 10975    0 10975    0     0  23742      0 --:--:-- --:--:-- --:--:-- 23704\n",
            "############################################################################################# 100.0%\n",
            ">>> Installing ollama to /usr/local/bin...\n",
            ">>> Creating ollama user...\n",
            ">>> Adding ollama user to video group...\n",
            ">>> Adding current user to ollama group...\n",
            ">>> Creating ollama systemd service...\n",
            "WARNING: Unable to detect NVIDIA/AMD GPU. Install lspci or lshw to automatically detect and install GPU dependencies.\n",
            ">>> The Ollama API is now available at 127.0.0.1:11434.\n",
            ">>> Install complete. Run \"ollama\" from the command line.\n"
          ]
        }
      ],
      "source": [
        "!curl https://ollama.ai/install.sh | sh\n"
      ]
    },
    {
      "cell_type": "code",
      "source": [
        "! pip install aiohttp pyngrok\n",
        "\n",
        "import os\n",
        "import asyncio\n",
        "\n",
        "# Set LD_LIBRARY_PATH so the system NVIDIA library\n",
        "os.environ.update({'LD_LIBRARY_PATH': '/usr/lib64-nvidia'})\n",
        "\n",
        "async def run_process(cmd):\n",
        "  print('>>> starting', *cmd)\n",
        "  p = await asyncio.subprocess.create_subprocess_exec(\n",
        "      *cmd,\n",
        "      stdout=asyncio.subprocess.PIPE,\n",
        "      stderr=asyncio.subprocess.PIPE,\n",
        "  )\n",
        "\n",
        "  async def pipe(lines):\n",
        "    async for line in lines:\n",
        "      print(line.strip().decode('utf-8'))\n",
        "\n",
        "  await asyncio.gather(\n",
        "      pipe(p.stdout),\n",
        "      pipe(p.stderr),\n",
        "  )\n",
        "\n",
        "#register an account at ngrok.com and create an authtoken and place it here\n",
        "await asyncio.gather(\n",
        "    run_process(['ngrok', 'config', 'add-authtoken','2HwqkTWgpH91F7grB4f1keuvBgV_5EXNPJGByeo1NZT4WwGut'])\n",
        ")\n",
        "\n",
        "await asyncio.gather(\n",
        "    run_process(['ollama', 'serve']),\n",
        "    run_process(['ngrok', 'http', '--log', 'stderr', '11434', '--host-header', 'localhost:11434'])\n",
        ")"
      ],
      "metadata": {
        "colab": {
          "base_uri": "https://localhost:8080/",
          "height": 1000
        },
        "id": "XqJihsFzOBRn",
        "outputId": "bc508e77-5c91-4788-b251-879e1f9e3a48"
      },
      "execution_count": 4,
      "outputs": [
        {
          "output_type": "stream",
          "name": "stdout",
          "text": [
            "Requirement already satisfied: aiohttp in /usr/local/lib/python3.10/dist-packages (3.9.5)\n",
            "Requirement already satisfied: pyngrok in /usr/local/lib/python3.10/dist-packages (7.1.6)\n",
            "Requirement already satisfied: aiosignal>=1.1.2 in /usr/local/lib/python3.10/dist-packages (from aiohttp) (1.3.1)\n",
            "Requirement already satisfied: attrs>=17.3.0 in /usr/local/lib/python3.10/dist-packages (from aiohttp) (23.2.0)\n",
            "Requirement already satisfied: frozenlist>=1.1.1 in /usr/local/lib/python3.10/dist-packages (from aiohttp) (1.4.1)\n",
            "Requirement already satisfied: multidict<7.0,>=4.5 in /usr/local/lib/python3.10/dist-packages (from aiohttp) (6.0.5)\n",
            "Requirement already satisfied: yarl<2.0,>=1.0 in /usr/local/lib/python3.10/dist-packages (from aiohttp) (1.9.4)\n",
            "Requirement already satisfied: async-timeout<5.0,>=4.0 in /usr/local/lib/python3.10/dist-packages (from aiohttp) (4.0.3)\n",
            "Requirement already satisfied: PyYAML>=5.1 in /usr/local/lib/python3.10/dist-packages (from pyngrok) (6.0.1)\n",
            "Requirement already satisfied: idna>=2.0 in /usr/local/lib/python3.10/dist-packages (from yarl<2.0,>=1.0->aiohttp) (3.7)\n",
            ">>> starting ngrok config add-authtoken 2HwqkTWgpH91F7grB4f1keuvBgV_5EXNPJGByeo1NZT4WwGut\n",
            "Authtoken saved to configuration file: /root/.config/ngrok/ngrok.yml\n",
            ">>> starting ollama serve\n",
            ">>> starting ngrok http --log stderr 11434 --host-header localhost:11434\n",
            "2024/06/23 17:54:42 routes.go:1060: INFO server config env=\"map[CUDA_VISIBLE_DEVICES: GPU_DEVICE_ORDINAL: HIP_VISIBLE_DEVICES: HSA_OVERRIDE_GFX_VERSION: OLLAMA_DEBUG:false OLLAMA_FLASH_ATTENTION:false OLLAMA_HOST:http://127.0.0.1:11434 OLLAMA_INTEL_GPU:false OLLAMA_KEEP_ALIVE: OLLAMA_LLM_LIBRARY: OLLAMA_MAX_LOADED_MODELS:1 OLLAMA_MAX_QUEUE:512 OLLAMA_MAX_VRAM:0 OLLAMA_MODELS:/root/.ollama/models OLLAMA_NOHISTORY:false OLLAMA_NOPRUNE:false OLLAMA_NUM_PARALLEL:1 OLLAMA_ORIGINS:[http://localhost https://localhost http://localhost:* https://localhost:* http://127.0.0.1 https://127.0.0.1 http://127.0.0.1:* https://127.0.0.1:* http://0.0.0.0 https://0.0.0.0 http://0.0.0.0:* https://0.0.0.0:* app://* file://* tauri://*] OLLAMA_RUNNERS_DIR: OLLAMA_SCHED_SPREAD:false OLLAMA_TMPDIR: ROCR_VISIBLE_DEVICES:]\"\n",
            "time=2024-06-23T17:54:42.656Z level=INFO source=images.go:725 msg=\"total blobs: 0\"\n",
            "time=2024-06-23T17:54:42.657Z level=INFO source=images.go:732 msg=\"total unused blobs removed: 0\"\n",
            "time=2024-06-23T17:54:42.657Z level=INFO source=routes.go:1106 msg=\"Listening on 127.0.0.1:11434 (version 0.1.45)\"\n",
            "time=2024-06-23T17:54:42.658Z level=INFO source=payload.go:30 msg=\"extracting embedded files\" dir=/tmp/ollama659691209/runners\n",
            "t=2024-06-23T17:54:42+0000 lvl=info msg=\"no configuration paths supplied\"\n",
            "t=2024-06-23T17:54:42+0000 lvl=info msg=\"using configuration at default config path\" path=/root/.config/ngrok/ngrok.yml\n",
            "t=2024-06-23T17:54:42+0000 lvl=info msg=\"open config file\" path=/root/.config/ngrok/ngrok.yml err=nil\n",
            "t=2024-06-23T17:54:42+0000 lvl=info msg=\"starting web service\" obj=web addr=127.0.0.1:4040 allow_hosts=[]\n",
            "t=2024-06-23T17:54:43+0000 lvl=info msg=\"client session established\" obj=tunnels.session\n",
            "t=2024-06-23T17:54:43+0000 lvl=info msg=\"tunnel session started\" obj=tunnels.session\n",
            "t=2024-06-23T17:54:43+0000 lvl=info msg=\"started tunnel\" obj=tunnels name=command_line addr=http://localhost:11434 url=https://4033-35-233-255-65.ngrok-free.app\n",
            "time=2024-06-23T17:54:52.356Z level=INFO source=payload.go:44 msg=\"Dynamic LLM libraries [cpu_avx cpu_avx2 cuda_v11 rocm_v60101 cpu]\"\n",
            "time=2024-06-23T17:54:52.628Z level=INFO source=types.go:98 msg=\"inference compute\" id=GPU-c1afbf2c-19a5-dd8c-c2c5-220c1260dfde library=cuda compute=7.5 driver=12.2 name=\"Tesla T4\" total=\"14.7 GiB\" available=\"14.6 GiB\"\n",
            "t=2024-06-23T17:54:56+0000 lvl=info msg=\"join connections\" obj=join id=664e698a4b20 l=127.0.0.1:11434 r=[2409:40f4:30:d51b:21a6:2639:7ae1:93cf]:36866\n",
            "[GIN] 2024/06/23 - 17:54:56 | 200 |      78.758µs | 2409:40f4:30:d51b:21a6:2639:7ae1:93cf | GET      \"/\"\n",
            "[GIN] 2024/06/23 - 17:54:56 | 404 |       7.114µs | 2409:40f4:30:d51b:21a6:2639:7ae1:93cf | GET      \"/favicon.ico\"\n",
            "[GIN] 2024/06/23 - 17:55:16 | 200 |      15.588µs | 2409:40f4:30:d51b:21a6:2639:7ae1:93cf | GET      \"/\"\n",
            "t=2024-06-23T17:56:11+0000 lvl=info msg=\"join connections\" obj=join id=e42c1b252fba l=127.0.0.1:11434 r=[2409:40f4:30:d51b:21a6:2639:7ae1:93cf]:35996\n",
            "[GIN] 2024/06/23 - 17:56:11 | 200 |      36.319µs | 2409:40f4:30:d51b:21a6:2639:7ae1:93cf | HEAD     \"/\"\n",
            "[GIN] 2024/06/23 - 17:56:11 | 404 |    4.553977ms | 2409:40f4:30:d51b:21a6:2639:7ae1:93cf | POST     \"/api/show\"\n",
            "time=2024-06-23T17:56:13.768Z level=INFO source=download.go:136 msg=\"downloading 3a43f93b78ec in 39 100 MB part(s)\"\n",
            "time=2024-06-23T17:56:36.981Z level=INFO source=download.go:136 msg=\"downloading 8c17c2ebb0ea in 1 7.0 KB part(s)\"\n",
            "time=2024-06-23T17:56:39.564Z level=INFO source=download.go:136 msg=\"downloading 590d74a5569b in 1 4.8 KB part(s)\"\n",
            "time=2024-06-23T17:56:42.457Z level=INFO source=download.go:136 msg=\"downloading 2e0493f67d0c in 1 59 B part(s)\"\n",
            "time=2024-06-23T17:56:45.383Z level=INFO source=download.go:136 msg=\"downloading 7f6a57943a88 in 1 120 B part(s)\"\n",
            "time=2024-06-23T17:56:48.492Z level=INFO source=download.go:136 msg=\"downloading 316526ac7323 in 1 529 B part(s)\"\n",
            "[GIN] 2024/06/23 - 17:57:08 | 200 | 56.578863589s | 2409:40f4:30:d51b:21a6:2639:7ae1:93cf | POST     \"/api/pull\"\n",
            "[GIN] 2024/06/23 - 17:57:09 | 200 |  140.056854ms | 2409:40f4:30:d51b:21a6:2639:7ae1:93cf | POST     \"/api/show\"\n",
            "[GIN] 2024/06/23 - 17:57:09 | 200 |  126.064516ms | 2409:40f4:30:d51b:21a6:2639:7ae1:93cf | POST     \"/api/show\"\n",
            "time=2024-06-23T17:57:10.533Z level=WARN source=types.go:430 msg=\"invalid option provided\" option=\"\"\n",
            "time=2024-06-23T17:57:10.868Z level=INFO source=memory.go:309 msg=\"offload to cuda\" layers.requested=-1 layers.model=33 layers.offload=33 layers.split=\"\" memory.available=\"[14.6 GiB]\" memory.required.full=\"5.2 GiB\" memory.required.partial=\"5.2 GiB\" memory.required.kv=\"1.0 GiB\" memory.required.allocations=\"[5.2 GiB]\" memory.weights.total=\"4.4 GiB\" memory.weights.repeating=\"4.3 GiB\" memory.weights.nonrepeating=\"102.6 MiB\" memory.graph.full=\"164.0 MiB\" memory.graph.partial=\"193.0 MiB\"\n",
            "time=2024-06-23T17:57:10.870Z level=INFO source=server.go:359 msg=\"starting llama server\" cmd=\"/tmp/ollama659691209/runners/cuda_v11/ollama_llama_server --model /root/.ollama/models/blobs/sha256-3a43f93b78ec50f7c4e4dc8bd1cb3fff5a900e7d574c51a6f7495e48486e0dac --ctx-size 2048 --batch-size 512 --embedding --log-disable --n-gpu-layers 33 --parallel 1 --port 36943\"\n",
            "time=2024-06-23T17:57:10.871Z level=INFO source=sched.go:382 msg=\"loaded runners\" count=1\n",
            "time=2024-06-23T17:57:10.871Z level=INFO source=server.go:547 msg=\"waiting for llama runner to start responding\"\n",
            "time=2024-06-23T17:57:10.872Z level=INFO source=server.go:585 msg=\"waiting for server to become available\" status=\"llm server error\"\n",
            "INFO [main] build info | build=1 commit=\"7c26775\" tid=\"139255329480704\" timestamp=1719165430\n",
            "INFO [main] system info | n_threads=1 n_threads_batch=-1 system_info=\"AVX = 1 | AVX_VNNI = 0 | AVX2 = 0 | AVX512 = 0 | AVX512_VBMI = 0 | AVX512_VNNI = 0 | AVX512_BF16 = 0 | FMA = 0 | NEON = 0 | SVE = 0 | ARM_FMA = 0 | F16C = 0 | FP16_VA = 0 | WASM_SIMD = 0 | BLAS = 1 | SSE3 = 1 | SSSE3 = 1 | VSX = 0 | MATMUL_INT8 = 0 | LLAMAFILE = 1 | \" tid=\"139255329480704\" timestamp=1719165430 total_threads=2\n",
            "INFO [main] HTTP server listening | hostname=\"127.0.0.1\" n_threads_http=\"3\" port=\"36943\" tid=\"139255329480704\" timestamp=1719165430\n",
            "llama_model_loader: loaded meta data with 20 key-value pairs and 291 tensors from /root/.ollama/models/blobs/sha256-3a43f93b78ec50f7c4e4dc8bd1cb3fff5a900e7d574c51a6f7495e48486e0dac (version GGUF V2)\n",
            "llama_model_loader: Dumping metadata keys/values. Note: KV overrides do not apply in this output.\n",
            "llama_model_loader: - kv   0:                       general.architecture str              = llama\n",
            "llama_model_loader: - kv   1:                               general.name str              = codellama\n",
            "llama_model_loader: - kv   2:                       llama.context_length u32              = 16384\n",
            "llama_model_loader: - kv   3:                     llama.embedding_length u32              = 4096\n",
            "llama_model_loader: - kv   4:                          llama.block_count u32              = 32\n",
            "llama_model_loader: - kv   5:                  llama.feed_forward_length u32              = 11008\n",
            "llama_model_loader: - kv   6:                 llama.rope.dimension_count u32              = 128\n",
            "llama_model_loader: - kv   7:                 llama.attention.head_count u32              = 32\n",
            "llama_model_loader: - kv   8:              llama.attention.head_count_kv u32              = 32\n",
            "llama_model_loader: - kv   9:     llama.attention.layer_norm_rms_epsilon f32              = 0.000010\n",
            "llama_model_loader: - kv  10:                       llama.rope.freq_base f32              = 1000000.000000\n",
            "llama_model_loader: - kv  11:                          general.file_type u32              = 2\n",
            "llama_model_loader: - kv  12:                       tokenizer.ggml.model str              = llama\n",
            "llama_model_loader: - kv  13:                      tokenizer.ggml.tokens arr[str,32016]   = [\"<unk>\", \"<s>\", \"</s>\", \"<0x00>\", \"<...\n",
            "llama_model_loader: - kv  14:                      tokenizer.ggml.scores arr[f32,32016]   = [0.000000, 0.000000, 0.000000, 0.0000...\n",
            "llama_model_loader: - kv  15:                  tokenizer.ggml.token_type arr[i32,32016]   = [2, 3, 3, 6, 6, 6, 6, 6, 6, 6, 6, 6, ...\n",
            "llama_model_loader: - kv  16:                tokenizer.ggml.bos_token_id u32              = 1\n",
            "llama_model_loader: - kv  17:                tokenizer.ggml.eos_token_id u32              = 2\n",
            "llama_model_loader: - kv  18:            tokenizer.ggml.unknown_token_id u32              = 0\n",
            "llama_model_loader: - kv  19:               general.quantization_version u32              = 2\n",
            "llama_model_loader: - type  f32:   65 tensors\n",
            "llama_model_loader: - type q4_0:  225 tensors\n",
            "llama_model_loader: - type q6_K:    1 tensors\n",
            "llm_load_vocab: special tokens cache size = 259\n",
            "llm_load_vocab: token to piece cache size = 0.1686 MB\n",
            "llm_load_print_meta: format           = GGUF V2\n",
            "llm_load_print_meta: arch             = llama\n",
            "llm_load_print_meta: vocab type       = SPM\n",
            "llm_load_print_meta: n_vocab          = 32016\n",
            "llm_load_print_meta: n_merges         = 0\n",
            "llm_load_print_meta: n_ctx_train      = 16384\n",
            "llm_load_print_meta: n_embd           = 4096\n",
            "llm_load_print_meta: n_head           = 32\n",
            "llm_load_print_meta: n_head_kv        = 32\n",
            "llm_load_print_meta: n_layer          = 32\n",
            "llm_load_print_meta: n_rot            = 128\n",
            "llm_load_print_meta: n_embd_head_k    = 128\n",
            "llm_load_print_meta: n_embd_head_v    = 128\n",
            "llm_load_print_meta: n_gqa            = 1\n",
            "llm_load_print_meta: n_embd_k_gqa     = 4096\n",
            "llm_load_print_meta: n_embd_v_gqa     = 4096\n",
            "llm_load_print_meta: f_norm_eps       = 0.0e+00\n",
            "llm_load_print_meta: f_norm_rms_eps   = 1.0e-05\n",
            "llm_load_print_meta: f_clamp_kqv      = 0.0e+00\n",
            "llm_load_print_meta: f_max_alibi_bias = 0.0e+00\n",
            "llm_load_print_meta: f_logit_scale    = 0.0e+00\n",
            "llm_load_print_meta: n_ff             = 11008\n",
            "llm_load_print_meta: n_expert         = 0\n",
            "llm_load_print_meta: n_expert_used    = 0\n",
            "llm_load_print_meta: causal attn      = 1\n",
            "llm_load_print_meta: pooling type     = 0\n",
            "llm_load_print_meta: rope type        = 0\n",
            "llm_load_print_meta: rope scaling     = linear\n",
            "llm_load_print_meta: freq_base_train  = 1000000.0\n",
            "llm_load_print_meta: freq_scale_train = 1\n",
            "llm_load_print_meta: n_ctx_orig_yarn  = 16384\n",
            "llm_load_print_meta: rope_finetuned   = unknown\n",
            "llm_load_print_meta: ssm_d_conv       = 0\n",
            "llm_load_print_meta: ssm_d_inner      = 0\n",
            "llm_load_print_meta: ssm_d_state      = 0\n",
            "llm_load_print_meta: ssm_dt_rank      = 0\n",
            "llm_load_print_meta: model type       = 7B\n",
            "llm_load_print_meta: model ftype      = Q4_0\n",
            "llm_load_print_meta: model params     = 6.74 B\n",
            "llm_load_print_meta: model size       = 3.56 GiB (4.54 BPW)\n",
            "llm_load_print_meta: general.name     = codellama\n",
            "llm_load_print_meta: BOS token        = 1 '<s>'\n",
            "llm_load_print_meta: EOS token        = 2 '</s>'\n",
            "llm_load_print_meta: UNK token        = 0 '<unk>'\n",
            "llm_load_print_meta: LF token         = 13 '<0x0A>'\n",
            "ggml_cuda_init: GGML_CUDA_FORCE_MMQ:   yes\n",
            "ggml_cuda_init: CUDA_USE_TENSOR_CORES: no\n",
            "ggml_cuda_init: found 1 CUDA devices:\n",
            "Device 0: Tesla T4, compute capability 7.5, VMM: yes\n",
            "time=2024-06-23T17:57:11.123Z level=INFO source=server.go:585 msg=\"waiting for server to become available\" status=\"llm server loading model\"\n",
            "llm_load_tensors: ggml ctx size =    0.30 MiB\n",
            "llm_load_tensors: offloading 32 repeating layers to GPU\n",
            "llm_load_tensors: offloading non-repeating layers to GPU\n",
            "llm_load_tensors: offloaded 33/33 layers to GPU\n",
            "llm_load_tensors:        CPU buffer size =    70.35 MiB\n",
            "llm_load_tensors:      CUDA0 buffer size =  3577.61 MiB\n",
            "llama_new_context_with_model: n_ctx      = 2048\n",
            "llama_new_context_with_model: n_batch    = 512\n",
            "llama_new_context_with_model: n_ubatch   = 512\n",
            "llama_new_context_with_model: flash_attn = 0\n",
            "llama_new_context_with_model: freq_base  = 1000000.0\n",
            "llama_new_context_with_model: freq_scale = 1\n",
            "llama_kv_cache_init:      CUDA0 KV buffer size =  1024.00 MiB\n",
            "llama_new_context_with_model: KV self size  = 1024.00 MiB, K (f16):  512.00 MiB, V (f16):  512.00 MiB\n",
            "llama_new_context_with_model:  CUDA_Host  output buffer size =     0.14 MiB\n",
            "llama_new_context_with_model:      CUDA0 compute buffer size =   164.00 MiB\n",
            "llama_new_context_with_model:  CUDA_Host compute buffer size =    12.01 MiB\n",
            "llama_new_context_with_model: graph nodes  = 1030\n",
            "llama_new_context_with_model: graph splits = 2\n",
            "INFO [main] model loaded | tid=\"139255329480704\" timestamp=1719165436\n",
            "time=2024-06-23T17:57:16.399Z level=INFO source=server.go:590 msg=\"llama runner started in 5.53 seconds\"\n",
            "[GIN] 2024/06/23 - 17:57:16 | 200 |  5.866619872s | 2409:40f4:30:d51b:21a6:2639:7ae1:93cf | POST     \"/api/chat\"\n",
            "time=2024-06-23T17:57:20.558Z level=WARN source=types.go:430 msg=\"invalid option provided\" option=\"\"\n",
            "[GIN] 2024/06/23 - 17:57:20 | 200 |  275.108354ms | 2409:40f4:30:d51b:21a6:2639:7ae1:93cf | POST     \"/api/chat\"\n",
            "t=2024-06-23T17:57:36+0000 lvl=info msg=\"join connections\" obj=join id=e4c4320c7361 l=127.0.0.1:11434 r=[2409:40f4:30:d51b:21a6:2639:7ae1:93cf]:44324\n",
            "[GIN] 2024/06/23 - 17:57:36 | 200 |      36.147µs | 2409:40f4:30:d51b:21a6:2639:7ae1:93cf | HEAD     \"/\"\n",
            "[GIN] 2024/06/23 - 17:57:36 | 404 |    4.149352ms | 2409:40f4:30:d51b:21a6:2639:7ae1:93cf | POST     \"/api/show\"\n",
            "time=2024-06-23T17:57:38.578Z level=INFO source=download.go:136 msg=\"downloading 6a0746a1ec1a in 47 100 MB part(s)\"\n",
            "time=2024-06-23T17:58:08.416Z level=INFO source=download.go:136 msg=\"downloading 4fa551d4f938 in 1 12 KB part(s)\"\n",
            "time=2024-06-23T17:58:10.205Z level=INFO source=download.go:136 msg=\"downloading 8ab4849b038c in 1 254 B part(s)\"\n",
            "time=2024-06-23T17:58:13.041Z level=INFO source=download.go:136 msg=\"downloading 577073ffcc6c in 1 110 B part(s)\"\n",
            "time=2024-06-23T17:58:15.839Z level=INFO source=download.go:136 msg=\"downloading 3f8eb4da87fa in 1 485 B part(s)\"\n",
            "[GIN] 2024/06/23 - 17:58:43 | 200 |          1m6s | 2409:40f4:30:d51b:21a6:2639:7ae1:93cf | POST     \"/api/pull\"\n",
            "[GIN] 2024/06/23 - 17:58:45 | 200 |  2.361999422s | 2409:40f4:30:d51b:21a6:2639:7ae1:93cf | POST     \"/api/show\"\n",
            "[GIN] 2024/06/23 - 17:58:48 | 200 |  1.422921129s | 2409:40f4:30:d51b:21a6:2639:7ae1:93cf | POST     \"/api/show\"\n",
            "time=2024-06-23T17:58:51.062Z level=INFO source=memory.go:309 msg=\"offload to cuda\" layers.requested=-1 layers.model=33 layers.offload=33 layers.split=\"\" memory.available=\"[14.6 GiB]\" memory.required.full=\"5.0 GiB\" memory.required.partial=\"5.0 GiB\" memory.required.kv=\"256.0 MiB\" memory.required.allocations=\"[5.0 GiB]\" memory.weights.total=\"3.9 GiB\" memory.weights.repeating=\"3.5 GiB\" memory.weights.nonrepeating=\"411.0 MiB\" memory.graph.full=\"164.0 MiB\" memory.graph.partial=\"677.5 MiB\"\n",
            "time=2024-06-23T17:58:51.063Z level=INFO source=server.go:359 msg=\"starting llama server\" cmd=\"/tmp/ollama659691209/runners/cuda_v11/ollama_llama_server --model /root/.ollama/models/blobs/sha256-6a0746a1ec1aef3e7ec53868f220ff6e389f6f8ef87a01d77c96807de94ca2aa --ctx-size 2048 --batch-size 512 --embedding --log-disable --n-gpu-layers 33 --parallel 1 --port 37957\"\n",
            "time=2024-06-23T17:58:51.063Z level=INFO source=sched.go:382 msg=\"loaded runners\" count=1\n",
            "time=2024-06-23T17:58:51.064Z level=INFO source=server.go:547 msg=\"waiting for llama runner to start responding\"\n",
            "time=2024-06-23T17:58:51.064Z level=INFO source=server.go:585 msg=\"waiting for server to become available\" status=\"llm server error\"\n",
            "INFO [main] build info | build=1 commit=\"7c26775\" tid=\"140311371235328\" timestamp=1719165531\n",
            "INFO [main] system info | n_threads=1 n_threads_batch=-1 system_info=\"AVX = 1 | AVX_VNNI = 0 | AVX2 = 0 | AVX512 = 0 | AVX512_VBMI = 0 | AVX512_VNNI = 0 | AVX512_BF16 = 0 | FMA = 0 | NEON = 0 | SVE = 0 | ARM_FMA = 0 | F16C = 0 | FP16_VA = 0 | WASM_SIMD = 0 | BLAS = 1 | SSE3 = 1 | SSSE3 = 1 | VSX = 0 | MATMUL_INT8 = 0 | LLAMAFILE = 1 | \" tid=\"140311371235328\" timestamp=1719165531 total_threads=2\n",
            "INFO [main] HTTP server listening | hostname=\"127.0.0.1\" n_threads_http=\"3\" port=\"37957\" tid=\"140311371235328\" timestamp=1719165531\n",
            "llama_model_loader: loaded meta data with 22 key-value pairs and 291 tensors from /root/.ollama/models/blobs/sha256-6a0746a1ec1aef3e7ec53868f220ff6e389f6f8ef87a01d77c96807de94ca2aa (version GGUF V3 (latest))\n",
            "llama_model_loader: Dumping metadata keys/values. Note: KV overrides do not apply in this output.\n",
            "llama_model_loader: - kv   0:                       general.architecture str              = llama\n",
            "llama_model_loader: - kv   1:                               general.name str              = Meta-Llama-3-8B-Instruct\n",
            "llama_model_loader: - kv   2:                          llama.block_count u32              = 32\n",
            "llama_model_loader: - kv   3:                       llama.context_length u32              = 8192\n",
            "llama_model_loader: - kv   4:                     llama.embedding_length u32              = 4096\n",
            "llama_model_loader: - kv   5:                  llama.feed_forward_length u32              = 14336\n",
            "llama_model_loader: - kv   6:                 llama.attention.head_count u32              = 32\n",
            "llama_model_loader: - kv   7:              llama.attention.head_count_kv u32              = 8\n",
            "llama_model_loader: - kv   8:                       llama.rope.freq_base f32              = 500000.000000\n",
            "llama_model_loader: - kv   9:     llama.attention.layer_norm_rms_epsilon f32              = 0.000010\n",
            "llama_model_loader: - kv  10:                          general.file_type u32              = 2\n",
            "llama_model_loader: - kv  11:                           llama.vocab_size u32              = 128256\n",
            "llama_model_loader: - kv  12:                 llama.rope.dimension_count u32              = 128\n",
            "llama_model_loader: - kv  13:                       tokenizer.ggml.model str              = gpt2\n",
            "llama_model_loader: - kv  14:                         tokenizer.ggml.pre str              = llama-bpe\n",
            "llama_model_loader: - kv  15:                      tokenizer.ggml.tokens arr[str,128256]  = [\"!\", \"\\\"\", \"#\", \"$\", \"%\", \"&\", \"'\", ...\n",
            "llama_model_loader: - kv  16:                  tokenizer.ggml.token_type arr[i32,128256]  = [1, 1, 1, 1, 1, 1, 1, 1, 1, 1, 1, 1, ...\n",
            "time=2024-06-23T17:58:51.314Z level=INFO source=server.go:585 msg=\"waiting for server to become available\" status=\"llm server loading model\"\n",
            "llama_model_loader: - kv  17:                      tokenizer.ggml.merges arr[str,280147]  = [\"Ġ Ġ\", \"Ġ ĠĠĠ\", \"ĠĠ ĠĠ\", \"...\n",
            "llama_model_loader: - kv  18:                tokenizer.ggml.bos_token_id u32              = 128000\n",
            "llama_model_loader: - kv  19:                tokenizer.ggml.eos_token_id u32              = 128009\n",
            "llama_model_loader: - kv  20:                    tokenizer.chat_template str              = {% set loop_messages = messages %}{% ...\n",
            "llama_model_loader: - kv  21:               general.quantization_version u32              = 2\n",
            "llama_model_loader: - type  f32:   65 tensors\n",
            "llama_model_loader: - type q4_0:  225 tensors\n",
            "llama_model_loader: - type q6_K:    1 tensors\n",
            "llm_load_vocab: special tokens cache size = 256\n",
            "llm_load_vocab: token to piece cache size = 0.8000 MB\n",
            "llm_load_print_meta: format           = GGUF V3 (latest)\n",
            "llm_load_print_meta: arch             = llama\n",
            "llm_load_print_meta: vocab type       = BPE\n",
            "llm_load_print_meta: n_vocab          = 128256\n",
            "llm_load_print_meta: n_merges         = 280147\n",
            "llm_load_print_meta: n_ctx_train      = 8192\n",
            "llm_load_print_meta: n_embd           = 4096\n",
            "llm_load_print_meta: n_head           = 32\n",
            "llm_load_print_meta: n_head_kv        = 8\n",
            "llm_load_print_meta: n_layer          = 32\n",
            "llm_load_print_meta: n_rot            = 128\n",
            "llm_load_print_meta: n_embd_head_k    = 128\n",
            "llm_load_print_meta: n_embd_head_v    = 128\n",
            "llm_load_print_meta: n_gqa            = 4\n",
            "llm_load_print_meta: n_embd_k_gqa     = 1024\n",
            "llm_load_print_meta: n_embd_v_gqa     = 1024\n",
            "llm_load_print_meta: f_norm_eps       = 0.0e+00\n",
            "llm_load_print_meta: f_norm_rms_eps   = 1.0e-05\n",
            "llm_load_print_meta: f_clamp_kqv      = 0.0e+00\n",
            "llm_load_print_meta: f_max_alibi_bias = 0.0e+00\n",
            "llm_load_print_meta: f_logit_scale    = 0.0e+00\n",
            "llm_load_print_meta: n_ff             = 14336\n",
            "llm_load_print_meta: n_expert         = 0\n",
            "llm_load_print_meta: n_expert_used    = 0\n",
            "llm_load_print_meta: causal attn      = 1\n",
            "llm_load_print_meta: pooling type     = 0\n",
            "llm_load_print_meta: rope type        = 0\n",
            "llm_load_print_meta: rope scaling     = linear\n",
            "llm_load_print_meta: freq_base_train  = 500000.0\n",
            "llm_load_print_meta: freq_scale_train = 1\n",
            "llm_load_print_meta: n_ctx_orig_yarn  = 8192\n",
            "llm_load_print_meta: rope_finetuned   = unknown\n",
            "llm_load_print_meta: ssm_d_conv       = 0\n",
            "llm_load_print_meta: ssm_d_inner      = 0\n",
            "llm_load_print_meta: ssm_d_state      = 0\n",
            "llm_load_print_meta: ssm_dt_rank      = 0\n",
            "llm_load_print_meta: model type       = 8B\n",
            "llm_load_print_meta: model ftype      = Q4_0\n",
            "llm_load_print_meta: model params     = 8.03 B\n",
            "llm_load_print_meta: model size       = 4.33 GiB (4.64 BPW)\n",
            "llm_load_print_meta: general.name     = Meta-Llama-3-8B-Instruct\n",
            "llm_load_print_meta: BOS token        = 128000 '<|begin_of_text|>'\n",
            "llm_load_print_meta: EOS token        = 128009 '<|eot_id|>'\n",
            "llm_load_print_meta: LF token         = 128 'Ä'\n",
            "llm_load_print_meta: EOT token        = 128009 '<|eot_id|>'\n",
            "ggml_cuda_init: GGML_CUDA_FORCE_MMQ:   yes\n",
            "ggml_cuda_init: CUDA_USE_TENSOR_CORES: no\n",
            "ggml_cuda_init: found 1 CUDA devices:\n",
            "Device 0: Tesla T4, compute capability 7.5, VMM: yes\n",
            "llm_load_tensors: ggml ctx size =    0.30 MiB\n",
            "llm_load_tensors: offloading 32 repeating layers to GPU\n",
            "llm_load_tensors: offloading non-repeating layers to GPU\n",
            "llm_load_tensors: offloaded 33/33 layers to GPU\n",
            "llm_load_tensors:        CPU buffer size =   281.81 MiB\n",
            "llm_load_tensors:      CUDA0 buffer size =  4155.99 MiB\n",
            "llama_new_context_with_model: n_ctx      = 2048\n",
            "llama_new_context_with_model: n_batch    = 512\n",
            "llama_new_context_with_model: n_ubatch   = 512\n",
            "llama_new_context_with_model: flash_attn = 0\n",
            "llama_new_context_with_model: freq_base  = 500000.0\n",
            "llama_new_context_with_model: freq_scale = 1\n",
            "llama_kv_cache_init:      CUDA0 KV buffer size =   256.00 MiB\n",
            "llama_new_context_with_model: KV self size  =  256.00 MiB, K (f16):  128.00 MiB, V (f16):  128.00 MiB\n",
            "llama_new_context_with_model:  CUDA_Host  output buffer size =     0.50 MiB\n",
            "llama_new_context_with_model:      CUDA0 compute buffer size =   258.50 MiB\n",
            "llama_new_context_with_model:  CUDA_Host compute buffer size =    12.01 MiB\n",
            "llama_new_context_with_model: graph nodes  = 1030\n",
            "llama_new_context_with_model: graph splits = 2\n",
            "INFO [main] model loaded | tid=\"140311371235328\" timestamp=1719165546\n",
            "time=2024-06-23T17:59:06.377Z level=INFO source=server.go:590 msg=\"llama runner started in 15.31 seconds\"\n",
            "[GIN] 2024/06/23 - 17:59:06 | 200 | 17.405563213s | 2409:40f4:30:d51b:21a6:2639:7ae1:93cf | POST     \"/api/chat\"\n",
            "[GIN] 2024/06/23 - 17:59:13 | 200 |  892.277227ms | 2409:40f4:30:d51b:21a6:2639:7ae1:93cf | POST     \"/api/chat\"\n",
            "[GIN] 2024/06/23 - 17:59:39 | 200 | 12.558158795s | 2409:40f4:30:d51b:21a6:2639:7ae1:93cf | POST     \"/api/chat\"\n",
            "[GIN] 2024/06/23 - 17:59:50 | 200 |  1.868832411s | 2409:40f4:30:d51b:21a6:2639:7ae1:93cf | POST     \"/api/chat\"\n",
            "[GIN] 2024/06/23 - 17:59:58 | 200 |  1.693370966s | 2409:40f4:30:d51b:21a6:2639:7ae1:93cf | POST     \"/api/chat\"\n",
            "[GIN] 2024/06/23 - 18:00:48 | 200 |    976.5267ms | 2409:40f4:30:d51b:21a6:2639:7ae1:93cf | POST     \"/api/chat\"\n",
            "[GIN] 2024/06/23 - 18:01:06 | 200 |  8.658749003s | 2409:40f4:30:d51b:21a6:2639:7ae1:93cf | POST     \"/api/chat\"\n",
            "[GIN] 2024/06/23 - 18:01:51 | 200 |    1.1294698s | 2409:40f4:30:d51b:21a6:2639:7ae1:93cf | POST     \"/api/chat\"\n",
            "[GIN] 2024/06/23 - 18:02:27 | 200 | 18.599622023s | 2409:40f4:30:d51b:21a6:2639:7ae1:93cf | POST     \"/api/chat\"\n",
            "t=2024-06-23T18:02:36+0000 lvl=info msg=\"join connections\" obj=join id=aa9a6603ceb0 l=127.0.0.1:11434 r=[2409:40f4:30:d51b:21a6:2639:7ae1:93cf]:44324\n",
            "[GIN] 2024/06/23 - 18:02:44 | 200 |  7.731904141s | 2409:40f4:30:d51b:21a6:2639:7ae1:93cf | POST     \"/api/chat\"\n",
            "[GIN] 2024/06/23 - 18:03:16 | 200 | 16.133866828s | 2409:40f4:30:d51b:21a6:2639:7ae1:93cf | POST     \"/api/chat\"\n",
            "[GIN] 2024/06/23 - 18:03:50 | 200 | 17.540274705s | 2409:40f4:30:d51b:21a6:2639:7ae1:93cf | POST     \"/api/chat\"\n"
          ]
        },
        {
          "output_type": "error",
          "ename": "CancelledError",
          "evalue": "",
          "traceback": [
            "\u001b[0;31m---------------------------------------------------------------------------\u001b[0m",
            "\u001b[0;31mCancelledError\u001b[0m                            Traceback (most recent call last)",
            "\u001b[0;32m<ipython-input-4-c5b73b9d23d0>\u001b[0m in \u001b[0;36mpipe\u001b[0;34m(lines)\u001b[0m\n\u001b[1;32m     17\u001b[0m   \u001b[0;32masync\u001b[0m \u001b[0;32mdef\u001b[0m \u001b[0mpipe\u001b[0m\u001b[0;34m(\u001b[0m\u001b[0mlines\u001b[0m\u001b[0;34m)\u001b[0m\u001b[0;34m:\u001b[0m\u001b[0;34m\u001b[0m\u001b[0;34m\u001b[0m\u001b[0m\n\u001b[0;32m---> 18\u001b[0;31m     \u001b[0;32masync\u001b[0m \u001b[0;32mfor\u001b[0m \u001b[0mline\u001b[0m \u001b[0;32min\u001b[0m \u001b[0mlines\u001b[0m\u001b[0;34m:\u001b[0m\u001b[0;34m\u001b[0m\u001b[0;34m\u001b[0m\u001b[0m\n\u001b[0m\u001b[1;32m     19\u001b[0m       \u001b[0mprint\u001b[0m\u001b[0;34m(\u001b[0m\u001b[0mline\u001b[0m\u001b[0;34m.\u001b[0m\u001b[0mstrip\u001b[0m\u001b[0;34m(\u001b[0m\u001b[0;34m)\u001b[0m\u001b[0;34m.\u001b[0m\u001b[0mdecode\u001b[0m\u001b[0;34m(\u001b[0m\u001b[0;34m'utf-8'\u001b[0m\u001b[0;34m)\u001b[0m\u001b[0;34m)\u001b[0m\u001b[0;34m\u001b[0m\u001b[0;34m\u001b[0m\u001b[0m\n",
            "\u001b[0;32m/usr/lib/python3.10/asyncio/streams.py\u001b[0m in \u001b[0;36m__anext__\u001b[0;34m(self)\u001b[0m\n\u001b[1;32m    722\u001b[0m     \u001b[0;32masync\u001b[0m \u001b[0;32mdef\u001b[0m \u001b[0m__anext__\u001b[0m\u001b[0;34m(\u001b[0m\u001b[0mself\u001b[0m\u001b[0;34m)\u001b[0m\u001b[0;34m:\u001b[0m\u001b[0;34m\u001b[0m\u001b[0;34m\u001b[0m\u001b[0m\n\u001b[0;32m--> 723\u001b[0;31m         \u001b[0mval\u001b[0m \u001b[0;34m=\u001b[0m \u001b[0;32mawait\u001b[0m \u001b[0mself\u001b[0m\u001b[0;34m.\u001b[0m\u001b[0mreadline\u001b[0m\u001b[0;34m(\u001b[0m\u001b[0;34m)\u001b[0m\u001b[0;34m\u001b[0m\u001b[0;34m\u001b[0m\u001b[0m\n\u001b[0m\u001b[1;32m    724\u001b[0m         \u001b[0;32mif\u001b[0m \u001b[0mval\u001b[0m \u001b[0;34m==\u001b[0m \u001b[0;34mb''\u001b[0m\u001b[0;34m:\u001b[0m\u001b[0;34m\u001b[0m\u001b[0;34m\u001b[0m\u001b[0m\n",
            "\u001b[0;32m/usr/lib/python3.10/asyncio/streams.py\u001b[0m in \u001b[0;36mreadline\u001b[0;34m(self)\u001b[0m\n\u001b[1;32m    523\u001b[0m         \u001b[0;32mtry\u001b[0m\u001b[0;34m:\u001b[0m\u001b[0;34m\u001b[0m\u001b[0;34m\u001b[0m\u001b[0m\n\u001b[0;32m--> 524\u001b[0;31m             \u001b[0mline\u001b[0m \u001b[0;34m=\u001b[0m \u001b[0;32mawait\u001b[0m \u001b[0mself\u001b[0m\u001b[0;34m.\u001b[0m\u001b[0mreaduntil\u001b[0m\u001b[0;34m(\u001b[0m\u001b[0msep\u001b[0m\u001b[0;34m)\u001b[0m\u001b[0;34m\u001b[0m\u001b[0;34m\u001b[0m\u001b[0m\n\u001b[0m\u001b[1;32m    525\u001b[0m         \u001b[0;32mexcept\u001b[0m \u001b[0mexceptions\u001b[0m\u001b[0;34m.\u001b[0m\u001b[0mIncompleteReadError\u001b[0m \u001b[0;32mas\u001b[0m \u001b[0me\u001b[0m\u001b[0;34m:\u001b[0m\u001b[0;34m\u001b[0m\u001b[0;34m\u001b[0m\u001b[0m\n",
            "\u001b[0;32m/usr/lib/python3.10/asyncio/streams.py\u001b[0m in \u001b[0;36mreaduntil\u001b[0;34m(self, separator)\u001b[0m\n\u001b[1;32m    615\u001b[0m             \u001b[0;31m# _wait_for_data() will resume reading if stream was paused.\u001b[0m\u001b[0;34m\u001b[0m\u001b[0;34m\u001b[0m\u001b[0m\n\u001b[0;32m--> 616\u001b[0;31m             \u001b[0;32mawait\u001b[0m \u001b[0mself\u001b[0m\u001b[0;34m.\u001b[0m\u001b[0m_wait_for_data\u001b[0m\u001b[0;34m(\u001b[0m\u001b[0;34m'readuntil'\u001b[0m\u001b[0;34m)\u001b[0m\u001b[0;34m\u001b[0m\u001b[0;34m\u001b[0m\u001b[0m\n\u001b[0m\u001b[1;32m    617\u001b[0m \u001b[0;34m\u001b[0m\u001b[0m\n",
            "\u001b[0;32m/usr/lib/python3.10/asyncio/streams.py\u001b[0m in \u001b[0;36m_wait_for_data\u001b[0;34m(self, func_name)\u001b[0m\n\u001b[1;32m    500\u001b[0m         \u001b[0;32mtry\u001b[0m\u001b[0;34m:\u001b[0m\u001b[0;34m\u001b[0m\u001b[0;34m\u001b[0m\u001b[0m\n\u001b[0;32m--> 501\u001b[0;31m             \u001b[0;32mawait\u001b[0m \u001b[0mself\u001b[0m\u001b[0;34m.\u001b[0m\u001b[0m_waiter\u001b[0m\u001b[0;34m\u001b[0m\u001b[0;34m\u001b[0m\u001b[0m\n\u001b[0m\u001b[1;32m    502\u001b[0m         \u001b[0;32mfinally\u001b[0m\u001b[0;34m:\u001b[0m\u001b[0;34m\u001b[0m\u001b[0;34m\u001b[0m\u001b[0m\n",
            "\u001b[0;31mCancelledError\u001b[0m: ",
            "\nDuring handling of the above exception, another exception occurred:\n",
            "\u001b[0;31mCancelledError\u001b[0m                            Traceback (most recent call last)",
            "\u001b[0;31mCancelledError\u001b[0m: ",
            "\nDuring handling of the above exception, another exception occurred:\n",
            "\u001b[0;31mCancelledError\u001b[0m                            Traceback (most recent call last)",
            "\u001b[0;32m<ipython-input-4-c5b73b9d23d0>\u001b[0m in \u001b[0;36m<cell line: 31>\u001b[0;34m()\u001b[0m\n\u001b[1;32m     29\u001b[0m )\n\u001b[1;32m     30\u001b[0m \u001b[0;34m\u001b[0m\u001b[0m\n\u001b[0;32m---> 31\u001b[0;31m await asyncio.gather(\n\u001b[0m\u001b[1;32m     32\u001b[0m     \u001b[0mrun_process\u001b[0m\u001b[0;34m(\u001b[0m\u001b[0;34m[\u001b[0m\u001b[0;34m'ollama'\u001b[0m\u001b[0;34m,\u001b[0m \u001b[0;34m'serve'\u001b[0m\u001b[0;34m]\u001b[0m\u001b[0;34m)\u001b[0m\u001b[0;34m,\u001b[0m\u001b[0;34m\u001b[0m\u001b[0;34m\u001b[0m\u001b[0m\n\u001b[1;32m     33\u001b[0m     \u001b[0mrun_process\u001b[0m\u001b[0;34m(\u001b[0m\u001b[0;34m[\u001b[0m\u001b[0;34m'ngrok'\u001b[0m\u001b[0;34m,\u001b[0m \u001b[0;34m'http'\u001b[0m\u001b[0;34m,\u001b[0m \u001b[0;34m'--log'\u001b[0m\u001b[0;34m,\u001b[0m \u001b[0;34m'stderr'\u001b[0m\u001b[0;34m,\u001b[0m \u001b[0;34m'11434'\u001b[0m\u001b[0;34m,\u001b[0m \u001b[0;34m'--host-header'\u001b[0m\u001b[0;34m,\u001b[0m \u001b[0;34m'localhost:11434'\u001b[0m\u001b[0;34m]\u001b[0m\u001b[0;34m)\u001b[0m\u001b[0;34m\u001b[0m\u001b[0;34m\u001b[0m\u001b[0m\n",
            "\u001b[0;31mCancelledError\u001b[0m: "
          ]
        }
      ]
    }
  ]
}